

Microchip MPLAB XC8 Assembler V2.10 build 88905656 
                                                                                               Thu Dec 24 00:31:02 2020

Microchip MPLAB XC8 C Compiler v2.10 (Free license) build 20190730164152 Og1 
     1                           	processor	18F4620
     2                           	fnconf	rparam,??,?,0
     3                           	opt	pw 120
     4                           	opt	flic
     5                           	psect	idataCOMRAM,global,class=CODE,delta=1,noexec
     6                           	psect	cinit,global,reloc=2,class=CODE,delta=1
     7                           	psect	bssCOMRAM,global,class=COMRAM,space=1,delta=1,noexec
     8                           	psect	dataCOMRAM,global,class=COMRAM,space=1,delta=1,noexec
     9                           	psect	cstackCOMRAM,global,class=COMRAM,space=1,delta=1,noexec
    10                           	psect	text0,global,reloc=2,class=CODE,delta=1
    11                           	psect	text1,global,reloc=2,class=CODE,delta=1
    12                           	psect	text2,global,reloc=2,class=CODE,delta=1
    13                           	psect	text3,global,reloc=2,class=CODE,delta=1
    14                           	psect	text4,global,reloc=2,class=CODE,delta=1
    15                           	psect	text5,global,reloc=2,class=CODE,delta=1
    16                           	psect	text6,global,reloc=2,class=CODE,delta=1
    17                           	psect	text7,global,reloc=2,class=CODE,delta=1
    18                           	psect	intsave_regs,global,class=BIGRAM,space=1,delta=1,noexec
    19                           	psect	rparam,global,class=COMRAM,space=1,delta=1,noexec
    20  0000                     
    21                           ; Version 2.10
    22                           ; Generated 31/07/2019 GMT
    23                           ; 
    24                           ; Copyright © 2019, Microchip Technology Inc. and its subsidiaries ("Microchip")
    25                           ; All rights reserved.
    26                           ; 
    27                           ; This software is developed by Microchip Technology Inc. and its subsidiaries ("Microch
      +                          ip").
    28                           ; 
    29                           ; Redistribution and use in source and binary forms, with or without modification, are
    30                           ; permitted provided that the following conditions are met:
    31                           ; 
    32                           ;     1. Redistributions of source code must retain the above copyright notice, this lis
      +                          t of
    33                           ;        conditions and the following disclaimer.
    34                           ; 
    35                           ;     2. Redistributions in binary form must reproduce the above copyright notice, this 
      +                          list
    36                           ;        of conditions and the following disclaimer in the documentation and/or other
    37                           ;        materials provided with the distribution.
    38                           ; 
    39                           ;     3. Microchip's name may not be used to endorse or promote products derived from th
      +                          is
    40                           ;        software without specific prior written permission.
    41                           ; 
    42                           ; THIS SOFTWARE IS PROVIDED BY MICROCHIP "AS IS" AND ANY EXPRESS OR IMPLIED WARRANTIES,
    43                           ; INCLUDING, BUT NOT LIMITED TO, THE IMPLIED WARRANTIES OF MERCHANTABILITY AND FITNESS F
      +                          OR
    44                           ; PURPOSE ARE DISCLAIMED.  IN NO EVENT SHALL MICROCHIP BE LIABLE FOR ANY DIRECT, INDIREC
      +                          T,
    45                           ; INCIDENTAL, SPECIAL, EXEMPLARY, OR CONSEQUENTIAL DAMAGES (INCLUDING BUT NOT LIMITED TO
    46                           ; PROCUREMENT OF SUBSTITUTE GOODS OR SERVICES; LOSS OF USE, DATA OR PROFITS; OR BUSINESS
    47                           ; INTERRUPTION) HOWSOEVER CAUSED AND ON ANY THEORY OF LIABILITY, WHETHER IN CONTRACT, ST
      +                          RICT
    48                           ; LIABILITY, OR TORT (INCLUDING NEGLIGENCE OR OTHERWISE) ARISING IN ANY WAY OUT OF THE U
      +                          SE OF
    49                           ; THIS SOFTWARE, EVEN IF ADVISED OF THE POSSIBILITY OF SUCH DAMAGE.
    50                           ; 
    51                           ; 
    52                           ; Code-generator required, PIC18F4620 Definitions
    53                           ; 
    54                           ; SFR Addresses
    55  0000                     
    56                           	psect	idataCOMRAM
    57  00FAA4                     __pidataCOMRAM:
    58                           	opt callstack 0
    59                           
    60                           ;initializer for _port_registers
    61  00FAA4  80                 	db	128
    62  00FAA5  0F                 	db	15
    63  00FAA6  81                 	db	129
    64  00FAA7  0F                 	db	15
    65  00FAA8  82                 	db	130
    66  00FAA9  0F                 	db	15
    67  00FAAA  83                 	db	131
    68  00FAAB  0F                 	db	15
    69  00FAAC  84                 	db	132
    70  00FAAD  0F                 	db	15
    71                           
    72                           ;initializer for _lat_registers
    73  00FAAE  89                 	db	137
    74  00FAAF  0F                 	db	15
    75  00FAB0  8A                 	db	138
    76  00FAB1  0F                 	db	15
    77  00FAB2  8B                 	db	139
    78  00FAB3  0F                 	db	15
    79  00FAB4  8C                 	db	140
    80  00FAB5  0F                 	db	15
    81  00FAB6  8D                 	db	141
    82  00FAB7  0F                 	db	15
    83                           
    84                           ;initializer for _tris_registers
    85  00FAB8  92                 	db	146
    86  00FAB9  0F                 	db	15
    87  00FABA  93                 	db	147
    88  00FABB  0F                 	db	15
    89  00FABC  94                 	db	148
    90  00FABD  0F                 	db	15
    91  00FABE  95                 	db	149
    92  00FABF  0F                 	db	15
    93  00FAC0  96                 	db	150
    94  00FAC1  0F                 	db	15
    95                           
    96                           ;initializer for _led4
    97  00FAC2  32                 	db	50
    98                           
    99                           ;initializer for _led3
   100  00FAC3  22                 	db	34
   101                           
   102                           ;initializer for _led2
   103  00FAC4  12                 	db	18
   104                           
   105                           ;initializer for _led1
   106  00FAC5  02                 	db	2
   107  0000                     _PORTE	set	3972
   108  0000                     _PORTD	set	3971
   109  0000                     _PORTC	set	3970
   110  0000                     _PORTB	set	3969
   111  0000                     _PORTA	set	3968
   112  0000                     _LATE	set	3981
   113  0000                     _LATD	set	3980
   114  0000                     _LATC	set	3979
   115  0000                     _LATB	set	3978
   116  0000                     _LATA	set	3977
   117  0000                     _TRISE	set	3990
   118  0000                     _TRISD	set	3989
   119  0000                     _TRISC	set	3988
   120  0000                     _TRISB	set	3987
   121  0000                     _TRISA	set	3986
   122                           
   123                           ; #config settings
   124  0000                     
   125                           	psect	cinit
   126  00FAF8                     __pcinit:
   127                           	opt callstack 0
   128  00FAF8                     start_initialization:
   129                           	opt callstack 0
   130  00FAF8                     __initialization:
   131                           	opt callstack 0
   132                           
   133                           ; Initialize objects allocated to COMRAM (34 bytes)
   134                           ; load TBLPTR registers with __pidataCOMRAM
   135  00FAF8  0EA4               	movlw	low __pidataCOMRAM
   136  00FAFA  6EF6               	movwf	tblptrl,c
   137  00FAFC  0EFA               	movlw	high __pidataCOMRAM
   138  00FAFE  6EF7               	movwf	tblptrh,c
   139  00FB00  0E00               	movlw	low (__pidataCOMRAM shr (0+16))
   140  00FB02  6EF8               	movwf	tblptru,c
   141  00FB04  EE00  F001         	lfsr	0,__pdataCOMRAM
   142  00FB08  EE10 F022          	lfsr	1,34
   143  00FB0C                     copy_data0:
   144  00FB0C  0009               	tblrd		*+
   145  00FB0E  CFF5 FFEE          	movff	tablat,postinc0
   146  00FB12  50E5               	movf	postdec1,w,c
   147  00FB14  50E1               	movf	fsr1l,w,c
   148  00FB16  E1FA               	bnz	copy_data0
   149                           
   150                           ; Clear objects allocated to COMRAM (4 bytes)
   151  00FB18  6A3C               	clrf	(__pbssCOMRAM+3)& (0+255),c
   152  00FB1A  6A3B               	clrf	(__pbssCOMRAM+2)& (0+255),c
   153  00FB1C  6A3A               	clrf	(__pbssCOMRAM+1)& (0+255),c
   154  00FB1E  6A39               	clrf	__pbssCOMRAM& (0+255),c
   155  00FB20                     end_of_initialization:
   156                           	opt callstack 0
   157  00FB20                     __end_of__initialization:
   158                           	opt callstack 0
   159  00FB20  0E00               	movlw	low (__Lmediumconst shr (0+16))
   160  00FB22  6EF8               	movwf	tblptru,c
   161  00FB24  0100               	movlb	0
   162  00FB26  EF7C  F07E         	goto	_main	;jump to C main() function
   163                           
   164                           	psect	bssCOMRAM
   165  000039                     __pbssCOMRAM:
   166                           	opt callstack 0
   167  000039                     led_turn_toggle@F2852:
   168                           	opt callstack 0
   169  000039                     	ds	1
   170  00003A                     led_turn_off@F2847:
   171                           	opt callstack 0
   172  00003A                     	ds	1
   173  00003B                     led_turn_on@F2842:
   174                           	opt callstack 0
   175  00003B                     	ds	1
   176  00003C                     led_initialize@F2837:
   177                           	opt callstack 0
   178  00003C                     	ds	1
   179                           
   180                           	psect	dataCOMRAM
   181  000001                     __pdataCOMRAM:
   182                           	opt callstack 0
   183  000001                     _port_registers:
   184                           	opt callstack 0
   185  000001                     	ds	10
   186  00000B                     _lat_registers:
   187                           	opt callstack 0
   188  00000B                     	ds	10
   189  000015                     _tris_registers:
   190                           	opt callstack 0
   191  000015                     	ds	10
   192  00001F                     _led4:
   193                           	opt callstack 0
   194  00001F                     	ds	1
   195  000020                     _led3:
   196                           	opt callstack 0
   197  000020                     	ds	1
   198  000021                     _led2:
   199                           	opt callstack 0
   200  000021                     	ds	1
   201  000022                     _led1:
   202                           	opt callstack 0
   203  000022                     	ds	1
   204                           
   205                           	psect	cstackCOMRAM
   206  000023                     __pcstackCOMRAM:
   207                           	opt callstack 0
   208  000023                     gpio_pin_direction_intialize@_pin_config:
   209                           	opt callstack 0
   210  000023                     gpio_pin_write_logic@_pin_config:
   211                           	opt callstack 0
   212                           
   213                           ; 2 bytes @ 0x0
   214  000023                     	ds	2
   215  000025                     ??_gpio_pin_direction_intialize:
   216  000025                     gpio_pin_write_logic@logic:
   217                           	opt callstack 0
   218                           
   219                           ; 1 bytes @ 0x2
   220  000025                     	ds	1
   221  000026                     ??_gpio_pin_write_logic:
   222                           
   223                           ; 1 bytes @ 0x3
   224  000026                     	ds	5
   225  00002B                     gpio_pin_direction_intialize@ret:
   226                           	opt callstack 0
   227                           
   228                           ; 1 bytes @ 0x8
   229  00002B                     	ds	1
   230  00002C                     gpio_pin_write_logic@ret:
   231                           	opt callstack 0
   232                           
   233                           ; 1 bytes @ 0x9
   234  00002C                     	ds	1
   235  00002D                     led_turn_on@led:
   236                           	opt callstack 0
   237  00002D                     led_turn_off@led:
   238                           	opt callstack 0
   239  00002D                     gpio_pin_intialize@_pin_config:
   240                           	opt callstack 0
   241                           
   242                           ; 2 bytes @ 0xA
   243  00002D                     	ds	2
   244  00002F                     ??_gpio_pin_intialize:
   245  00002F                     ??_led_turn_on:
   246  00002F                     ??_led_turn_off:
   247                           
   248                           ; 1 bytes @ 0xC
   249  00002F                     	ds	1
   250  000030                     gpio_pin_intialize@ret:
   251                           	opt callstack 0
   252                           
   253                           ; 1 bytes @ 0xD
   254  000030                     	ds	1
   255  000031                     led_turn_on@pin_obj:
   256                           	opt callstack 0
   257  000031                     led_turn_off@pin_obj:
   258                           	opt callstack 0
   259  000031                     led_initialize@led:
   260                           	opt callstack 0
   261                           
   262                           ; 2 bytes @ 0xE
   263  000031                     	ds	2
   264  000033                     ??_led_initialize:
   265                           
   266                           ; 1 bytes @ 0x10
   267  000033                     	ds	1
   268  000034                     led_initialize@ret:
   269                           	opt callstack 0
   270                           
   271                           ; 1 bytes @ 0x11
   272  000034                     	ds	1
   273  000035                     led_initialize@pin_obj:
   274                           	opt callstack 0
   275                           
   276                           ; 1 bytes @ 0x12
   277  000035                     	ds	1
   278  000036                     
   279                           ; 1 bytes @ 0x13
   280  000036                     	ds	1
   281  000037                     ??_main:
   282                           
   283                           ; 1 bytes @ 0x14
   284  000037                     	ds	2
   285                           
   286 ;;
   287 ;;Main: autosize = 0, tempsize = 2, incstack = 0, save=0
   288 ;;
   289 ;; *************** function _main *****************
   290 ;; Defined at:
   291 ;;		line 15 in file "application.c"
   292 ;; Parameters:    Size  Location     Type
   293 ;;		None
   294 ;; Auto vars:     Size  Location     Type
   295 ;;		None
   296 ;; Return value:  Size  Location     Type
   297 ;;                  2  169[None  ] int 
   298 ;; Registers used:
   299 ;;		wreg, fsr2l, fsr2h, status,2, status,0, prodl, prodh, cstack
   300 ;; Tracked objects:
   301 ;;		On entry : 0/0
   302 ;;		On exit  : 0/0
   303 ;;		Unchanged: 0/0
   304 ;; Data sizes:     COMRAM   BANK0   BANK1   BANK2   BANK3   BANK4   BANK5   BANK6   BANK7   BANK8   BANK9  BANK10  BANK1
      +1  BANK12  BANK13  BANK14  BANK15
   305 ;;      Params:         0       0       0       0       0       0       0       0       0       0       0       0       
      +0       0       0       0       0
   306 ;;      Locals:         0       0       0       0       0       0       0       0       0       0       0       0       
      +0       0       0       0       0
   307 ;;      Temps:          2       0       0       0       0       0       0       0       0       0       0       0       
      +0       0       0       0       0
   308 ;;      Totals:         2       0       0       0       0       0       0       0       0       0       0       0       
      +0       0       0       0       0
   309 ;;Total ram usage:        2 bytes
   310 ;; Hardware stack levels required when called:    4
   311 ;; This function calls:
   312 ;;		_application_intialize
   313 ;;		_led_turn_off
   314 ;;		_led_turn_on
   315 ;; This function is called by:
   316 ;;		Startup code after reset
   317 ;; This function uses a non-reentrant model
   318 ;;
   319                           
   320                           	psect	text0
   321  00FCF8                     __ptext0:
   322                           	opt callstack 0
   323  00FCF8                     _main:
   324                           	opt callstack 27
   325  00FCF8                     
   326                           ;application.c: 16:     application_intialize();
   327  00FCF8  EC63  F07D         	call	_application_intialize	;wreg free
   328  00FCFC                     l170:
   329                           
   330                           ;application.c: 18:         led_turn_on(&led1); led_turn_on(&led2); led_turn_on(&led3); 
      +                          led_turn_on(&led4);
   331  00FCFC  0E22               	movlw	low _led1
   332  00FCFE  6E2D               	movwf	led_turn_on@led^0,c
   333  00FD00  0E00               	movlw	high _led1
   334  00FD02  6E2E               	movwf	(led_turn_on@led+1)^0,c
   335  00FD04  EC03  F07E         	call	_led_turn_on	;wreg free
   336  00FD08  0E21               	movlw	low _led2
   337  00FD0A  6E2D               	movwf	led_turn_on@led^0,c
   338  00FD0C  0E00               	movlw	high _led2
   339  00FD0E  6E2E               	movwf	(led_turn_on@led+1)^0,c
   340  00FD10  EC03  F07E         	call	_led_turn_on	;wreg free
   341  00FD14  0E20               	movlw	low _led3
   342  00FD16  6E2D               	movwf	led_turn_on@led^0,c
   343  00FD18  0E00               	movlw	high _led3
   344  00FD1A  6E2E               	movwf	(led_turn_on@led+1)^0,c
   345  00FD1C  EC03  F07E         	call	_led_turn_on	;wreg free
   346  00FD20  0E1F               	movlw	low _led4
   347  00FD22  6E2D               	movwf	led_turn_on@led^0,c
   348  00FD24  0E00               	movlw	high _led4
   349  00FD26  6E2E               	movwf	(led_turn_on@led+1)^0,c
   350  00FD28  EC03  F07E         	call	_led_turn_on	;wreg free
   351  00FD2C                     
   352                           ;application.c: 19:         _delay((unsigned long)((250)*(8000000UL/4000.0)));
   353  00FD2C  0E03               	movlw	3
   354  00FD2E  6E38               	movwf	(??_main+1)^0,c
   355  00FD30  0E8A               	movlw	138
   356  00FD32  6E37               	movwf	??_main^0,c
   357  00FD34  0E56               	movlw	86
   358  00FD36                     u577:
   359  00FD36  2EE8               	decfsz	wreg,f,c
   360  00FD38  D7FE               	bra	u577
   361  00FD3A  2E37               	decfsz	??_main^0,f,c
   362  00FD3C  D7FC               	bra	u577
   363  00FD3E  2E38               	decfsz	(??_main+1)^0,f,c
   364  00FD40  D7FA               	bra	u577
   365  00FD42                     
   366                           ;application.c: 20:         led_turn_off(&led1); led_turn_off(&led2); led_turn_off(&led3
      +                          ); led_turn_off(&led4);
   367  00FD42  0E22               	movlw	low _led1
   368  00FD44  6E2D               	movwf	led_turn_off@led^0,c
   369  00FD46  0E00               	movlw	high _led1
   370  00FD48  6E2E               	movwf	(led_turn_off@led+1)^0,c
   371  00FD4A  ECC8  F07D         	call	_led_turn_off	;wreg free
   372  00FD4E  0E21               	movlw	low _led2
   373  00FD50  6E2D               	movwf	led_turn_off@led^0,c
   374  00FD52  0E00               	movlw	high _led2
   375  00FD54  6E2E               	movwf	(led_turn_off@led+1)^0,c
   376  00FD56  ECC8  F07D         	call	_led_turn_off	;wreg free
   377  00FD5A  0E20               	movlw	low _led3
   378  00FD5C  6E2D               	movwf	led_turn_off@led^0,c
   379  00FD5E  0E00               	movlw	high _led3
   380  00FD60  6E2E               	movwf	(led_turn_off@led+1)^0,c
   381  00FD62  ECC8  F07D         	call	_led_turn_off	;wreg free
   382  00FD66  0E1F               	movlw	low _led4
   383  00FD68  6E2D               	movwf	led_turn_off@led^0,c
   384  00FD6A  0E00               	movlw	high _led4
   385  00FD6C  6E2E               	movwf	(led_turn_off@led+1)^0,c
   386  00FD6E  ECC8  F07D         	call	_led_turn_off	;wreg free
   387  00FD72                     
   388                           ;application.c: 21:         _delay((unsigned long)((250)*(8000000UL/4000.0)));
   389  00FD72  0E03               	movlw	3
   390  00FD74  6E38               	movwf	(??_main+1)^0,c
   391  00FD76  0E8A               	movlw	138
   392  00FD78  6E37               	movwf	??_main^0,c
   393  00FD7A  0E56               	movlw	86
   394  00FD7C                     u587:
   395  00FD7C  2EE8               	decfsz	wreg,f,c
   396  00FD7E  D7FE               	bra	u587
   397  00FD80  2E37               	decfsz	??_main^0,f,c
   398  00FD82  D7FC               	bra	u587
   399  00FD84  2E38               	decfsz	(??_main+1)^0,f,c
   400  00FD86  D7FA               	bra	u587
   401  00FD88  EF7E  F07E         	goto	l170
   402  00FD8C  EF00  F000         	goto	start
   403  00FD90                     __end_of_main:
   404                           	opt callstack 0
   405                           
   406 ;; *************** function _led_turn_on *****************
   407 ;; Defined at:
   408 ;;		line 37 in file "ECU_Layer/LED/ecu_led.c"
   409 ;; Parameters:    Size  Location     Type
   410 ;;  led             2   10[COMRAM] PTR const struct .
   411 ;;		 -> led4(1), led3(1), led2(1), led1(1), 
   412 ;; Auto vars:     Size  Location     Type
   413 ;;  pin_obj         1   14[COMRAM] struct .
   414 ;;  ret             1    0        unsigned char 
   415 ;; Return value:  Size  Location     Type
   416 ;;                  1    wreg      unsigned char 
   417 ;; Registers used:
   418 ;;		wreg, fsr2l, fsr2h, status,2, status,0, prodl, prodh, cstack
   419 ;; Tracked objects:
   420 ;;		On entry : 0/0
   421 ;;		On exit  : 0/0
   422 ;;		Unchanged: 0/0
   423 ;; Data sizes:     COMRAM   BANK0   BANK1   BANK2   BANK3   BANK4   BANK5   BANK6   BANK7   BANK8   BANK9  BANK10  BANK1
      +1  BANK12  BANK13  BANK14  BANK15
   424 ;;      Params:         2       0       0       0       0       0       0       0       0       0       0       0       
      +0       0       0       0       0
   425 ;;      Locals:         2       0       0       0       0       0       0       0       0       0       0       0       
      +0       0       0       0       0
   426 ;;      Temps:          1       0       0       0       0       0       0       0       0       0       0       0       
      +0       0       0       0       0
   427 ;;      Totals:         5       0       0       0       0       0       0       0       0       0       0       0       
      +0       0       0       0       0
   428 ;;Total ram usage:        5 bytes
   429 ;; Hardware stack levels used:    1
   430 ;; Hardware stack levels required when called:    1
   431 ;; This function calls:
   432 ;;		_gpio_pin_write_logic
   433 ;; This function is called by:
   434 ;;		_main
   435 ;; This function uses a non-reentrant model
   436 ;;
   437                           
   438                           	psect	text1
   439  00FC06                     __ptext1:
   440                           	opt callstack 0
   441  00FC06                     _led_turn_on:
   442                           	opt callstack 29
   443  00FC06                     
   444                           ;ECU_Layer/LED/ecu_led.c: 39:      if(((void*)0) == led){
   445  00FC06  502D               	movf	led_turn_on@led^0,w,c
   446  00FC08  102E               	iorwf	(led_turn_on@led+1)^0,w,c
   447  00FC0A  A4D8               	btfss	status,2,c
   448  00FC0C  EF0A  F07E         	goto	u531
   449  00FC10  EF0C  F07E         	goto	u530
   450  00FC14                     u531:
   451  00FC14  EF0E  F07E         	goto	l16
   452  00FC18                     u530:
   453  00FC18                     
   454                           ;ECU_Layer/LED/ecu_led.c: 41:      }
   455  00FC18  EF3D  F07E         	goto	l20
   456  00FC1C                     l16:
   457                           
   458                           ;ECU_Layer/LED/ecu_led.c: 43:          pin_config_t pin_obj = { .port = led->port_name, 
      +                          .pin = led->pin,
   459  00FC1C  C03B  F031         	movff	led_turn_on@F2842,led_turn_on@pin_obj
   460  00FC20  C02D  FFD9         	movff	led_turn_on@led,fsr2l
   461  00FC24  C02E  FFDA         	movff	led_turn_on@led+1,fsr2h
   462  00FC28  50DF               	movf	indf2,w,c
   463  00FC2A  0B0F               	andlw	15
   464  00FC2C  6E2F               	movwf	??_led_turn_on^0,c
   465  00FC2E  5031               	movf	led_turn_on@pin_obj^0,w,c
   466  00FC30  182F               	xorwf	??_led_turn_on^0,w,c
   467  00FC32  0BF8               	andlw	-8
   468  00FC34  182F               	xorwf	??_led_turn_on^0,w,c
   469  00FC36  6E31               	movwf	led_turn_on@pin_obj^0,c
   470  00FC38  C02D  FFD9         	movff	led_turn_on@led,fsr2l
   471  00FC3C  C02E  FFDA         	movff	led_turn_on@led+1,fsr2h
   472  00FC40  38DF               	swapf	indf2,w,c
   473  00FC42  0B07               	andlw	7
   474  00FC44  6E2F               	movwf	??_led_turn_on^0,c
   475  00FC46  462F               	rlncf	??_led_turn_on^0,f,c
   476  00FC48  462F               	rlncf	??_led_turn_on^0,f,c
   477  00FC4A  462F               	rlncf	??_led_turn_on^0,f,c
   478  00FC4C  5031               	movf	led_turn_on@pin_obj^0,w,c
   479  00FC4E  182F               	xorwf	??_led_turn_on^0,w,c
   480  00FC50  0BC7               	andlw	-57
   481  00FC52  182F               	xorwf	??_led_turn_on^0,w,c
   482  00FC54  6E31               	movwf	led_turn_on@pin_obj^0,c
   483  00FC56  9C31               	bcf	led_turn_on@pin_obj^0,6,c
   484  00FC58  C02D  FFD9         	movff	led_turn_on@led,fsr2l
   485  00FC5C  C02E  FFDA         	movff	led_turn_on@led+1,fsr2h
   486  00FC60  AEDF               	btfss	indf2,7,c
   487  00FC62  D002               	bra	u545
   488  00FC64  8E31               	bsf	led_turn_on@pin_obj^0,7,c
   489  00FC66  D001               	bra	u547
   490  00FC68                     u545:
   491  00FC68  9E31               	bcf	led_turn_on@pin_obj^0,7,c
   492  00FC6A                     u547:
   493  00FC6A                     
   494                           ;ECU_Layer/LED/ecu_led.c: 45:          gpio_pin_write_logic(&pin_obj, GPIO_HIGH);
   495  00FC6A  0E31               	movlw	low led_turn_on@pin_obj
   496  00FC6C  6E23               	movwf	gpio_pin_write_logic@_pin_config^0,c
   497  00FC6E  0E00               	movlw	high led_turn_on@pin_obj
   498  00FC70  6E24               	movwf	(gpio_pin_write_logic@_pin_config+1)^0,c
   499  00FC72  0E01               	movlw	1
   500  00FC74  6E25               	movwf	gpio_pin_write_logic@logic^0,c
   501  00FC76  ECC8  F07E         	call	_gpio_pin_write_logic	;wreg free
   502  00FC7A                     l20:
   503  00FC7A  0012               	return		;funcret
   504  00FC7C                     __end_of_led_turn_on:
   505                           	opt callstack 0
   506                           
   507 ;; *************** function _led_turn_off *****************
   508 ;; Defined at:
   509 ;;		line 57 in file "ECU_Layer/LED/ecu_led.c"
   510 ;; Parameters:    Size  Location     Type
   511 ;;  led             2   10[COMRAM] PTR const struct .
   512 ;;		 -> led4(1), led3(1), led2(1), led1(1), 
   513 ;; Auto vars:     Size  Location     Type
   514 ;;  pin_obj         1   14[COMRAM] struct .
   515 ;;  ret             1    0        unsigned char 
   516 ;; Return value:  Size  Location     Type
   517 ;;                  1    wreg      unsigned char 
   518 ;; Registers used:
   519 ;;		wreg, fsr2l, fsr2h, status,2, status,0, prodl, prodh, cstack
   520 ;; Tracked objects:
   521 ;;		On entry : 0/0
   522 ;;		On exit  : 0/0
   523 ;;		Unchanged: 0/0
   524 ;; Data sizes:     COMRAM   BANK0   BANK1   BANK2   BANK3   BANK4   BANK5   BANK6   BANK7   BANK8   BANK9  BANK10  BANK1
      +1  BANK12  BANK13  BANK14  BANK15
   525 ;;      Params:         2       0       0       0       0       0       0       0       0       0       0       0       
      +0       0       0       0       0
   526 ;;      Locals:         2       0       0       0       0       0       0       0       0       0       0       0       
      +0       0       0       0       0
   527 ;;      Temps:          1       0       0       0       0       0       0       0       0       0       0       0       
      +0       0       0       0       0
   528 ;;      Totals:         5       0       0       0       0       0       0       0       0       0       0       0       
      +0       0       0       0       0
   529 ;;Total ram usage:        5 bytes
   530 ;; Hardware stack levels used:    1
   531 ;; Hardware stack levels required when called:    1
   532 ;; This function calls:
   533 ;;		_gpio_pin_write_logic
   534 ;; This function is called by:
   535 ;;		_main
   536 ;; This function uses a non-reentrant model
   537 ;;
   538                           
   539                           	psect	text2
   540  00FB90                     __ptext2:
   541                           	opt callstack 0
   542  00FB90                     _led_turn_off:
   543                           	opt callstack 29
   544  00FB90                     
   545                           ;ECU_Layer/LED/ecu_led.c: 59:      if(((void*)0) == led){
   546  00FB90  502D               	movf	led_turn_off@led^0,w,c
   547  00FB92  102E               	iorwf	(led_turn_off@led+1)^0,w,c
   548  00FB94  A4D8               	btfss	status,2,c
   549  00FB96  EFCF  F07D         	goto	u551
   550  00FB9A  EFD1  F07D         	goto	u550
   551  00FB9E                     u551:
   552  00FB9E  EFD3  F07D         	goto	l23
   553  00FBA2                     u550:
   554  00FBA2                     
   555                           ;ECU_Layer/LED/ecu_led.c: 61:      }
   556  00FBA2  EF02  F07E         	goto	l27
   557  00FBA6                     l23:
   558                           
   559                           ;ECU_Layer/LED/ecu_led.c: 63:          pin_config_t pin_obj = { .port = led->port_name, 
      +                          .pin = led->pin,
   560  00FBA6  C03A  F031         	movff	led_turn_off@F2847,led_turn_off@pin_obj
   561  00FBAA  C02D  FFD9         	movff	led_turn_off@led,fsr2l
   562  00FBAE  C02E  FFDA         	movff	led_turn_off@led+1,fsr2h
   563  00FBB2  50DF               	movf	indf2,w,c
   564  00FBB4  0B0F               	andlw	15
   565  00FBB6  6E2F               	movwf	??_led_turn_off^0,c
   566  00FBB8  5031               	movf	led_turn_off@pin_obj^0,w,c
   567  00FBBA  182F               	xorwf	??_led_turn_off^0,w,c
   568  00FBBC  0BF8               	andlw	-8
   569  00FBBE  182F               	xorwf	??_led_turn_off^0,w,c
   570  00FBC0  6E31               	movwf	led_turn_off@pin_obj^0,c
   571  00FBC2  C02D  FFD9         	movff	led_turn_off@led,fsr2l
   572  00FBC6  C02E  FFDA         	movff	led_turn_off@led+1,fsr2h
   573  00FBCA  38DF               	swapf	indf2,w,c
   574  00FBCC  0B07               	andlw	7
   575  00FBCE  6E2F               	movwf	??_led_turn_off^0,c
   576  00FBD0  462F               	rlncf	??_led_turn_off^0,f,c
   577  00FBD2  462F               	rlncf	??_led_turn_off^0,f,c
   578  00FBD4  462F               	rlncf	??_led_turn_off^0,f,c
   579  00FBD6  5031               	movf	led_turn_off@pin_obj^0,w,c
   580  00FBD8  182F               	xorwf	??_led_turn_off^0,w,c
   581  00FBDA  0BC7               	andlw	-57
   582  00FBDC  182F               	xorwf	??_led_turn_off^0,w,c
   583  00FBDE  6E31               	movwf	led_turn_off@pin_obj^0,c
   584  00FBE0  9C31               	bcf	led_turn_off@pin_obj^0,6,c
   585  00FBE2  C02D  FFD9         	movff	led_turn_off@led,fsr2l
   586  00FBE6  C02E  FFDA         	movff	led_turn_off@led+1,fsr2h
   587  00FBEA  AEDF               	btfss	indf2,7,c
   588  00FBEC  D002               	bra	u565
   589  00FBEE  8E31               	bsf	led_turn_off@pin_obj^0,7,c
   590  00FBF0  D001               	bra	u567
   591  00FBF2                     u565:
   592  00FBF2  9E31               	bcf	led_turn_off@pin_obj^0,7,c
   593  00FBF4                     u567:
   594  00FBF4                     
   595                           ;ECU_Layer/LED/ecu_led.c: 65:          gpio_pin_write_logic(&pin_obj, GPIO_LOW);
   596  00FBF4  0E31               	movlw	low led_turn_off@pin_obj
   597  00FBF6  6E23               	movwf	gpio_pin_write_logic@_pin_config^0,c
   598  00FBF8  0E00               	movlw	high led_turn_off@pin_obj
   599  00FBFA  6E24               	movwf	(gpio_pin_write_logic@_pin_config+1)^0,c
   600  00FBFC  0E00               	movlw	0
   601  00FBFE  6E25               	movwf	gpio_pin_write_logic@logic^0,c
   602  00FC00  ECC8  F07E         	call	_gpio_pin_write_logic	;wreg free
   603  00FC04                     l27:
   604  00FC04  0012               	return		;funcret
   605  00FC06                     __end_of_led_turn_off:
   606                           	opt callstack 0
   607                           
   608 ;; *************** function _application_intialize *****************
   609 ;; Defined at:
   610 ;;		line 26 in file "application.c"
   611 ;; Parameters:    Size  Location     Type
   612 ;;		None
   613 ;; Auto vars:     Size  Location     Type
   614 ;;  ret             1    0        unsigned char 
   615 ;; Return value:  Size  Location     Type
   616 ;;                  1    wreg      void 
   617 ;; Registers used:
   618 ;;		wreg, fsr2l, fsr2h, status,2, status,0, prodl, prodh, cstack
   619 ;; Tracked objects:
   620 ;;		On entry : 0/0
   621 ;;		On exit  : 0/0
   622 ;;		Unchanged: 0/0
   623 ;; Data sizes:     COMRAM   BANK0   BANK1   BANK2   BANK3   BANK4   BANK5   BANK6   BANK7   BANK8   BANK9  BANK10  BANK1
      +1  BANK12  BANK13  BANK14  BANK15
   624 ;;      Params:         0       0       0       0       0       0       0       0       0       0       0       0       
      +0       0       0       0       0
   625 ;;      Locals:         1       0       0       0       0       0       0       0       0       0       0       0       
      +0       0       0       0       0
   626 ;;      Temps:          0       0       0       0       0       0       0       0       0       0       0       0       
      +0       0       0       0       0
   627 ;;      Totals:         1       0       0       0       0       0       0       0       0       0       0       0       
      +0       0       0       0       0
   628 ;;Total ram usage:        1 bytes
   629 ;; Hardware stack levels used:    1
   630 ;; Hardware stack levels required when called:    3
   631 ;; This function calls:
   632 ;;		_led_initialize
   633 ;; This function is called by:
   634 ;;		_main
   635 ;; This function uses a non-reentrant model
   636 ;;
   637                           
   638                           	psect	text3
   639  00FAC6                     __ptext3:
   640                           	opt callstack 0
   641  00FAC6                     _application_intialize:
   642                           	opt callstack 27
   643  00FAC6  0E22               	movlw	low _led1
   644  00FAC8  6E31               	movwf	led_initialize@led^0,c
   645  00FACA  0E00               	movlw	high _led1
   646  00FACC  6E32               	movwf	(led_initialize@led+1)^0,c
   647  00FACE  EC3E  F07E         	call	_led_initialize	;wreg free
   648  00FAD2  0E21               	movlw	low _led2
   649  00FAD4  6E31               	movwf	led_initialize@led^0,c
   650  00FAD6  0E00               	movlw	high _led2
   651  00FAD8  6E32               	movwf	(led_initialize@led+1)^0,c
   652  00FADA  EC3E  F07E         	call	_led_initialize	;wreg free
   653  00FADE  0E20               	movlw	low _led3
   654  00FAE0  6E31               	movwf	led_initialize@led^0,c
   655  00FAE2  0E00               	movlw	high _led3
   656  00FAE4  6E32               	movwf	(led_initialize@led+1)^0,c
   657  00FAE6  EC3E  F07E         	call	_led_initialize	;wreg free
   658  00FAEA  0E1F               	movlw	low _led4
   659  00FAEC  6E31               	movwf	led_initialize@led^0,c
   660  00FAEE  0E00               	movlw	high _led4
   661  00FAF0  6E32               	movwf	(led_initialize@led+1)^0,c
   662  00FAF2  EC3E  F07E         	call	_led_initialize	;wreg free
   663  00FAF6  0012               	return		;funcret
   664  00FAF8                     __end_of_application_intialize:
   665                           	opt callstack 0
   666                           
   667 ;; *************** function _led_initialize *****************
   668 ;; Defined at:
   669 ;;		line 17 in file "ECU_Layer/LED/ecu_led.c"
   670 ;; Parameters:    Size  Location     Type
   671 ;;  led             2   14[COMRAM] PTR const struct .
   672 ;;		 -> led4(1), led3(1), led2(1), led1(1), 
   673 ;; Auto vars:     Size  Location     Type
   674 ;;  pin_obj         1   18[COMRAM] struct .
   675 ;;  ret             1   17[COMRAM] unsigned char 
   676 ;; Return value:  Size  Location     Type
   677 ;;                  1    wreg      unsigned char 
   678 ;; Registers used:
   679 ;;		wreg, fsr2l, fsr2h, status,2, status,0, prodl, prodh, cstack
   680 ;; Tracked objects:
   681 ;;		On entry : 0/0
   682 ;;		On exit  : 0/0
   683 ;;		Unchanged: 0/0
   684 ;; Data sizes:     COMRAM   BANK0   BANK1   BANK2   BANK3   BANK4   BANK5   BANK6   BANK7   BANK8   BANK9  BANK10  BANK1
      +1  BANK12  BANK13  BANK14  BANK15
   685 ;;      Params:         2       0       0       0       0       0       0       0       0       0       0       0       
      +0       0       0       0       0
   686 ;;      Locals:         2       0       0       0       0       0       0       0       0       0       0       0       
      +0       0       0       0       0
   687 ;;      Temps:          1       0       0       0       0       0       0       0       0       0       0       0       
      +0       0       0       0       0
   688 ;;      Totals:         5       0       0       0       0       0       0       0       0       0       0       0       
      +0       0       0       0       0
   689 ;;Total ram usage:        5 bytes
   690 ;; Hardware stack levels used:    1
   691 ;; Hardware stack levels required when called:    2
   692 ;; This function calls:
   693 ;;		_gpio_pin_intialize
   694 ;; This function is called by:
   695 ;;		_application_intialize
   696 ;; This function uses a non-reentrant model
   697 ;;
   698                           
   699                           	psect	text4
   700  00FC7C                     __ptext4:
   701                           	opt callstack 0
   702  00FC7C                     _led_initialize:
   703                           	opt callstack 27
   704  00FC7C                     
   705                           ;ECU_Layer/LED/ecu_led.c: 18:     Std_ReturnType ret = (Std_ReturnType)0x01;
   706  00FC7C  0E01               	movlw	1
   707  00FC7E  6E34               	movwf	led_initialize@ret^0,c
   708  00FC80                     
   709                           ;ECU_Layer/LED/ecu_led.c: 19:     if(((void*)0) == led){
   710  00FC80  5031               	movf	led_initialize@led^0,w,c
   711  00FC82  1032               	iorwf	(led_initialize@led+1)^0,w,c
   712  00FC84  A4D8               	btfss	status,2,c
   713  00FC86  EF47  F07E         	goto	u511
   714  00FC8A  EF49  F07E         	goto	u510
   715  00FC8E                     u511:
   716  00FC8E  EF4D  F07E         	goto	l9
   717  00FC92                     u510:
   718  00FC92                     
   719                           ;ECU_Layer/LED/ecu_led.c: 20:         ret = (Std_ReturnType)0x00;
   720  00FC92  0E00               	movlw	0
   721  00FC94  6E34               	movwf	led_initialize@ret^0,c
   722                           
   723                           ;ECU_Layer/LED/ecu_led.c: 21:     }
   724  00FC96  EF7A  F07E         	goto	l1178
   725  00FC9A                     l9:
   726                           
   727                           ;ECU_Layer/LED/ecu_led.c: 23:         pin_config_t pin_obj = { .port = led->port_name, .
      +                          pin = led->pin,
   728  00FC9A  C03C  F035         	movff	led_initialize@F2837,led_initialize@pin_obj
   729  00FC9E  C031  FFD9         	movff	led_initialize@led,fsr2l
   730  00FCA2  C032  FFDA         	movff	led_initialize@led+1,fsr2h
   731  00FCA6  50DF               	movf	indf2,w,c
   732  00FCA8  0B0F               	andlw	15
   733  00FCAA  6E33               	movwf	??_led_initialize^0,c
   734  00FCAC  5035               	movf	led_initialize@pin_obj^0,w,c
   735  00FCAE  1833               	xorwf	??_led_initialize^0,w,c
   736  00FCB0  0BF8               	andlw	-8
   737  00FCB2  1833               	xorwf	??_led_initialize^0,w,c
   738  00FCB4  6E35               	movwf	led_initialize@pin_obj^0,c
   739  00FCB6  C031  FFD9         	movff	led_initialize@led,fsr2l
   740  00FCBA  C032  FFDA         	movff	led_initialize@led+1,fsr2h
   741  00FCBE  38DF               	swapf	indf2,w,c
   742  00FCC0  0B07               	andlw	7
   743  00FCC2  6E33               	movwf	??_led_initialize^0,c
   744  00FCC4  4633               	rlncf	??_led_initialize^0,f,c
   745  00FCC6  4633               	rlncf	??_led_initialize^0,f,c
   746  00FCC8  4633               	rlncf	??_led_initialize^0,f,c
   747  00FCCA  5035               	movf	led_initialize@pin_obj^0,w,c
   748  00FCCC  1833               	xorwf	??_led_initialize^0,w,c
   749  00FCCE  0BC7               	andlw	-57
   750  00FCD0  1833               	xorwf	??_led_initialize^0,w,c
   751  00FCD2  6E35               	movwf	led_initialize@pin_obj^0,c
   752  00FCD4  9C35               	bcf	led_initialize@pin_obj^0,6,c
   753  00FCD6  C031  FFD9         	movff	led_initialize@led,fsr2l
   754  00FCDA  C032  FFDA         	movff	led_initialize@led+1,fsr2h
   755  00FCDE  AEDF               	btfss	indf2,7,c
   756  00FCE0  D002               	bra	u525
   757  00FCE2  8E35               	bsf	led_initialize@pin_obj^0,7,c
   758  00FCE4  D001               	bra	u527
   759  00FCE6                     u525:
   760  00FCE6  9E35               	bcf	led_initialize@pin_obj^0,7,c
   761  00FCE8                     u527:
   762  00FCE8                     
   763                           ;ECU_Layer/LED/ecu_led.c: 25:         gpio_pin_intialize(&pin_obj);
   764  00FCE8  0E35               	movlw	low led_initialize@pin_obj
   765  00FCEA  6E2D               	movwf	gpio_pin_intialize@_pin_config^0,c
   766  00FCEC  0E00               	movlw	high led_initialize@pin_obj
   767  00FCEE  6E2E               	movwf	(gpio_pin_intialize@_pin_config+1)^0,c
   768  00FCF0  EC95  F07D         	call	_gpio_pin_intialize	;wreg free
   769  00FCF4                     l1178:
   770                           
   771                           ;ECU_Layer/LED/ecu_led.c: 27:     return ret;
   772  00FCF4  5034               	movf	led_initialize@ret^0,w,c
   773  00FCF6  0012               	return		;funcret
   774  00FCF8                     __end_of_led_initialize:
   775                           	opt callstack 0
   776                           
   777 ;; *************** function _gpio_pin_intialize *****************
   778 ;; Defined at:
   779 ;;		line 144 in file "MCAL_Layer/GPIO/hal_gpio.c"
   780 ;; Parameters:    Size  Location     Type
   781 ;;  _pin_config     2   10[COMRAM] PTR const struct .
   782 ;;		 -> led_initialize@pin_obj(1), 
   783 ;; Auto vars:     Size  Location     Type
   784 ;;  ret             1   13[COMRAM] unsigned char 
   785 ;; Return value:  Size  Location     Type
   786 ;;                  1    wreg      unsigned char 
   787 ;; Registers used:
   788 ;;		wreg, fsr2l, fsr2h, status,2, status,0, prodl, prodh, cstack
   789 ;; Tracked objects:
   790 ;;		On entry : 0/0
   791 ;;		On exit  : 0/0
   792 ;;		Unchanged: 0/0
   793 ;; Data sizes:     COMRAM   BANK0   BANK1   BANK2   BANK3   BANK4   BANK5   BANK6   BANK7   BANK8   BANK9  BANK10  BANK1
      +1  BANK12  BANK13  BANK14  BANK15
   794 ;;      Params:         2       0       0       0       0       0       0       0       0       0       0       0       
      +0       0       0       0       0
   795 ;;      Locals:         1       0       0       0       0       0       0       0       0       0       0       0       
      +0       0       0       0       0
   796 ;;      Temps:          1       0       0       0       0       0       0       0       0       0       0       0       
      +0       0       0       0       0
   797 ;;      Totals:         4       0       0       0       0       0       0       0       0       0       0       0       
      +0       0       0       0       0
   798 ;;Total ram usage:        4 bytes
   799 ;; Hardware stack levels used:    1
   800 ;; Hardware stack levels required when called:    1
   801 ;; This function calls:
   802 ;;		_gpio_pin_direction_intialize
   803 ;;		_gpio_pin_write_logic
   804 ;; This function is called by:
   805 ;;		_led_initialize
   806 ;; This function uses a non-reentrant model
   807 ;;
   808                           
   809                           	psect	text5
   810  00FB2A                     __ptext5:
   811                           	opt callstack 0
   812  00FB2A                     _gpio_pin_intialize:
   813                           	opt callstack 27
   814  00FB2A                     
   815                           ;MCAL_Layer/GPIO/hal_gpio.c: 146:     if(((void*)0) == _pin_config || _pin_config->pin >
      +                           8 -1){
   816  00FB2A  502D               	movf	gpio_pin_intialize@_pin_config^0,w,c
   817  00FB2C  102E               	iorwf	(gpio_pin_intialize@_pin_config+1)^0,w,c
   818  00FB2E  B4D8               	btfsc	status,2,c
   819  00FB30  EF9C  F07D         	goto	u491
   820  00FB34  EF9E  F07D         	goto	u490
   821  00FB38                     u491:
   822  00FB38  EFAF  F07D         	goto	l1158
   823  00FB3C                     u490:
   824  00FB3C  C02D  FFD9         	movff	gpio_pin_intialize@_pin_config,fsr2l
   825  00FB40  C02E  FFDA         	movff	gpio_pin_intialize@_pin_config+1,fsr2h
   826  00FB44  30DF               	rrcf	indf2,w,c
   827  00FB46  32E8               	rrcf	wreg,f,c
   828  00FB48  32E8               	rrcf	wreg,f,c
   829  00FB4A  0B07               	andlw	7
   830  00FB4C  6E2F               	movwf	??_gpio_pin_intialize^0,c
   831  00FB4E  0E07               	movlw	7
   832  00FB50  642F               	cpfsgt	??_gpio_pin_intialize^0,c
   833  00FB52  EFAD  F07D         	goto	u501
   834  00FB56  EFAF  F07D         	goto	u500
   835  00FB5A                     u501:
   836  00FB5A  EFB1  F07D         	goto	l1160
   837  00FB5E                     u500:
   838  00FB5E                     l1158:
   839                           
   840                           ;MCAL_Layer/GPIO/hal_gpio.c: 148:     }
   841  00FB5E  EFC7  F07D         	goto	l122
   842  00FB62                     l1160:
   843                           
   844                           ;MCAL_Layer/GPIO/hal_gpio.c: 150:         ret = gpio_pin_direction_intialize(_pin_config
      +                          );
   845  00FB62  C02D  F023         	movff	gpio_pin_intialize@_pin_config,gpio_pin_direction_intialize@_pin_config
   846  00FB66  C02E  F024         	movff	gpio_pin_intialize@_pin_config+1,gpio_pin_direction_intialize@_pin_config+1
   847  00FB6A  EC5E  F07F         	call	_gpio_pin_direction_intialize	;wreg free
   848  00FB6E  6E30               	movwf	gpio_pin_intialize@ret^0,c
   849                           
   850                           ;MCAL_Layer/GPIO/hal_gpio.c: 151:         ret = gpio_pin_write_logic(_pin_config, _pin_c
      +                          onfig->logic);
   851  00FB70  C02D  F023         	movff	gpio_pin_intialize@_pin_config,gpio_pin_write_logic@_pin_config
   852  00FB74  C02E  F024         	movff	gpio_pin_intialize@_pin_config+1,gpio_pin_write_logic@_pin_config+1
   853  00FB78  C02D  FFD9         	movff	gpio_pin_intialize@_pin_config,fsr2l
   854  00FB7C  C02E  FFDA         	movff	gpio_pin_intialize@_pin_config+1,fsr2h
   855  00FB80  0E00               	movlw	0
   856  00FB82  BEDF               	btfsc	indf2,7,c
   857  00FB84  0E01               	movlw	1
   858  00FB86  6E25               	movwf	gpio_pin_write_logic@logic^0,c
   859  00FB88  ECC8  F07E         	call	_gpio_pin_write_logic	;wreg free
   860  00FB8C  6E30               	movwf	gpio_pin_intialize@ret^0,c
   861  00FB8E                     l122:
   862  00FB8E  0012               	return		;funcret
   863  00FB90                     __end_of_gpio_pin_intialize:
   864                           	opt callstack 0
   865                           
   866 ;; *************** function _gpio_pin_write_logic *****************
   867 ;; Defined at:
   868 ;;		line 75 in file "MCAL_Layer/GPIO/hal_gpio.c"
   869 ;; Parameters:    Size  Location     Type
   870 ;;  _pin_config     2    0[COMRAM] PTR const struct .
   871 ;;		 -> led_turn_off@pin_obj(1), led_turn_on@pin_obj(1), led_initialize@pin_obj(1), 
   872 ;;  logic           1    2[COMRAM] enum E2757
   873 ;; Auto vars:     Size  Location     Type
   874 ;;  ret             1    9[COMRAM] unsigned char 
   875 ;; Return value:  Size  Location     Type
   876 ;;                  1    wreg      unsigned char 
   877 ;; Registers used:
   878 ;;		wreg, fsr2l, fsr2h, status,2, status,0, prodl, prodh
   879 ;; Tracked objects:
   880 ;;		On entry : 0/0
   881 ;;		On exit  : 0/0
   882 ;;		Unchanged: 0/0
   883 ;; Data sizes:     COMRAM   BANK0   BANK1   BANK2   BANK3   BANK4   BANK5   BANK6   BANK7   BANK8   BANK9  BANK10  BANK1
      +1  BANK12  BANK13  BANK14  BANK15
   884 ;;      Params:         3       0       0       0       0       0       0       0       0       0       0       0       
      +0       0       0       0       0
   885 ;;      Locals:         1       0       0       0       0       0       0       0       0       0       0       0       
      +0       0       0       0       0
   886 ;;      Temps:          6       0       0       0       0       0       0       0       0       0       0       0       
      +0       0       0       0       0
   887 ;;      Totals:        10       0       0       0       0       0       0       0       0       0       0       0       
      +0       0       0       0       0
   888 ;;Total ram usage:       10 bytes
   889 ;; Hardware stack levels used:    1
   890 ;; This function calls:
   891 ;;		Nothing
   892 ;; This function is called by:
   893 ;;		_led_turn_on
   894 ;;		_led_turn_off
   895 ;;		_gpio_pin_intialize
   896 ;; This function uses a non-reentrant model
   897 ;;
   898                           
   899                           	psect	text6
   900  00FD90                     __ptext6:
   901                           	opt callstack 0
   902  00FD90                     _gpio_pin_write_logic:
   903                           	opt callstack 29
   904  00FD90                     
   905                           ;MCAL_Layer/GPIO/hal_gpio.c: 76:     Std_ReturnType ret = (Std_ReturnType)0x01;
   906  00FD90  0E01               	movlw	1
   907  00FD92  6E2C               	movwf	gpio_pin_write_logic@ret^0,c
   908  00FD94                     
   909                           ;MCAL_Layer/GPIO/hal_gpio.c: 77:     if(((void*)0) == _pin_config || _pin_config->pin > 
      +                          8 -1){
   910  00FD94  5023               	movf	gpio_pin_write_logic@_pin_config^0,w,c
   911  00FD96  1024               	iorwf	(gpio_pin_write_logic@_pin_config+1)^0,w,c
   912  00FD98  B4D8               	btfsc	status,2,c
   913  00FD9A  EFD1  F07E         	goto	u391
   914  00FD9E  EFD3  F07E         	goto	u390
   915  00FDA2                     u391:
   916  00FDA2  EFE4  F07E         	goto	l1110
   917  00FDA6                     u390:
   918  00FDA6  C023  FFD9         	movff	gpio_pin_write_logic@_pin_config,fsr2l
   919  00FDAA  C024  FFDA         	movff	gpio_pin_write_logic@_pin_config+1,fsr2h
   920  00FDAE  30DF               	rrcf	indf2,w,c
   921  00FDB0  32E8               	rrcf	wreg,f,c
   922  00FDB2  32E8               	rrcf	wreg,f,c
   923  00FDB4  0B07               	andlw	7
   924  00FDB6  6E26               	movwf	??_gpio_pin_write_logic^0,c
   925  00FDB8  0E07               	movlw	7
   926  00FDBA  6426               	cpfsgt	??_gpio_pin_write_logic^0,c
   927  00FDBC  EFE2  F07E         	goto	u401
   928  00FDC0  EFE4  F07E         	goto	u400
   929  00FDC4                     u401:
   930  00FDC4  EF47  F07F         	goto	l1118
   931  00FDC8                     u400:
   932  00FDC8                     l1110:
   933                           
   934                           ;MCAL_Layer/GPIO/hal_gpio.c: 78:         ret = (Std_ReturnType)0x00;
   935  00FDC8  0E00               	movlw	0
   936  00FDCA  6E2C               	movwf	gpio_pin_write_logic@ret^0,c
   937                           
   938                           ;MCAL_Layer/GPIO/hal_gpio.c: 79:     }
   939  00FDCC  EF5C  F07F         	goto	l1120
   940  00FDD0                     l1112:
   941                           
   942                           ;MCAL_Layer/GPIO/hal_gpio.c: 83:                 (*lat_registers[_pin_config->port] &= ~
      +                          ((uint8)1 << _pin_config->pin));
   943  00FDD0  C023  FFD9         	movff	gpio_pin_write_logic@_pin_config,fsr2l
   944  00FDD4  C024  FFDA         	movff	gpio_pin_write_logic@_pin_config+1,fsr2h
   945  00FDD8  30DF               	rrcf	indf2,w,c
   946  00FDDA  32E8               	rrcf	wreg,f,c
   947  00FDDC  32E8               	rrcf	wreg,f,c
   948  00FDDE  0B07               	andlw	7
   949  00FDE0  6E26               	movwf	??_gpio_pin_write_logic^0,c
   950  00FDE2  0E01               	movlw	1
   951  00FDE4  6E27               	movwf	(??_gpio_pin_write_logic+1)^0,c
   952  00FDE6  2A26               	incf	??_gpio_pin_write_logic^0,f,c
   953  00FDE8  EFF8  F07E         	goto	u414
   954  00FDEC                     u415:
   955  00FDEC  90D8               	bcf	status,0,c
   956  00FDEE  3627               	rlcf	(??_gpio_pin_write_logic+1)^0,f,c
   957  00FDF0                     u414:
   958  00FDF0  2E26               	decfsz	??_gpio_pin_write_logic^0,f,c
   959  00FDF2  EFF6  F07E         	goto	u415
   960  00FDF6  5027               	movf	(??_gpio_pin_write_logic+1)^0,w,c
   961  00FDF8  0AFF               	xorlw	255
   962  00FDFA  6E28               	movwf	(??_gpio_pin_write_logic+2)^0,c
   963  00FDFC  C023  FFD9         	movff	gpio_pin_write_logic@_pin_config,fsr2l
   964  00FE00  C024  FFDA         	movff	gpio_pin_write_logic@_pin_config+1,fsr2h
   965  00FE04  50DF               	movf	indf2,w,c
   966  00FE06  0B07               	andlw	7
   967  00FE08  6E29               	movwf	(??_gpio_pin_write_logic+3)^0,c
   968  00FE0A  5029               	movf	(??_gpio_pin_write_logic+3)^0,w,c
   969  00FE0C  0D02               	mullw	2
   970  00FE0E  0E0B               	movlw	low _lat_registers
   971  00FE10  24F3               	addwf	243,w,c
   972  00FE12  6ED9               	movwf	fsr2l,c
   973  00FE14  0E00               	movlw	high _lat_registers
   974  00FE16  20F4               	addwfc	prodh,w,c
   975  00FE18  6EDA               	movwf	fsr2h,c
   976  00FE1A  CFDE F02A          	movff	postinc2,??_gpio_pin_write_logic+4
   977  00FE1E  CFDD F02B          	movff	postdec2,??_gpio_pin_write_logic+5
   978  00FE22  C02A  FFD9         	movff	??_gpio_pin_write_logic+4,fsr2l
   979  00FE26  C02B  FFDA         	movff	??_gpio_pin_write_logic+5,fsr2h
   980  00FE2A  5028               	movf	(??_gpio_pin_write_logic+2)^0,w,c
   981  00FE2C  16DF               	andwf	indf2,f,c
   982                           
   983                           ;MCAL_Layer/GPIO/hal_gpio.c: 84:                 break;
   984  00FE2E  EF5C  F07F         	goto	l1120
   985  00FE32                     l1114:
   986                           
   987                           ;MCAL_Layer/GPIO/hal_gpio.c: 86:                 (*lat_registers[_pin_config->port] |= (
      +                          (uint8)1 << _pin_config->pin));
   988  00FE32  C023  FFD9         	movff	gpio_pin_write_logic@_pin_config,fsr2l
   989  00FE36  C024  FFDA         	movff	gpio_pin_write_logic@_pin_config+1,fsr2h
   990  00FE3A  30DF               	rrcf	indf2,w,c
   991  00FE3C  32E8               	rrcf	wreg,f,c
   992  00FE3E  32E8               	rrcf	wreg,f,c
   993  00FE40  0B07               	andlw	7
   994  00FE42  6E26               	movwf	??_gpio_pin_write_logic^0,c
   995  00FE44  0E01               	movlw	1
   996  00FE46  6E27               	movwf	(??_gpio_pin_write_logic+1)^0,c
   997  00FE48  2A26               	incf	??_gpio_pin_write_logic^0,f,c
   998  00FE4A  EF29  F07F         	goto	u424
   999  00FE4E                     u425:
  1000  00FE4E  90D8               	bcf	status,0,c
  1001  00FE50  3627               	rlcf	(??_gpio_pin_write_logic+1)^0,f,c
  1002  00FE52                     u424:
  1003  00FE52  2E26               	decfsz	??_gpio_pin_write_logic^0,f,c
  1004  00FE54  EF27  F07F         	goto	u425
  1005  00FE58  C023  FFD9         	movff	gpio_pin_write_logic@_pin_config,fsr2l
  1006  00FE5C  C024  FFDA         	movff	gpio_pin_write_logic@_pin_config+1,fsr2h
  1007  00FE60  50DF               	movf	indf2,w,c
  1008  00FE62  0B07               	andlw	7
  1009  00FE64  6E28               	movwf	(??_gpio_pin_write_logic+2)^0,c
  1010  00FE66  5028               	movf	(??_gpio_pin_write_logic+2)^0,w,c
  1011  00FE68  0D02               	mullw	2
  1012  00FE6A  0E0B               	movlw	low _lat_registers
  1013  00FE6C  24F3               	addwf	243,w,c
  1014  00FE6E  6ED9               	movwf	fsr2l,c
  1015  00FE70  0E00               	movlw	high _lat_registers
  1016  00FE72  20F4               	addwfc	prodh,w,c
  1017  00FE74  6EDA               	movwf	fsr2h,c
  1018  00FE76  CFDE F029          	movff	postinc2,??_gpio_pin_write_logic+3
  1019  00FE7A  CFDD F02A          	movff	postdec2,??_gpio_pin_write_logic+4
  1020  00FE7E  C029  FFD9         	movff	??_gpio_pin_write_logic+3,fsr2l
  1021  00FE82  C02A  FFDA         	movff	??_gpio_pin_write_logic+4,fsr2h
  1022  00FE86  5027               	movf	(??_gpio_pin_write_logic+1)^0,w,c
  1023  00FE88  12DF               	iorwf	indf2,f,c
  1024                           
  1025                           ;MCAL_Layer/GPIO/hal_gpio.c: 87:                 break;
  1026  00FE8A  EF5C  F07F         	goto	l1120
  1027  00FE8E                     l1118:
  1028  00FE8E  5025               	movf	gpio_pin_write_logic@logic^0,w,c
  1029  00FE90  6E26               	movwf	??_gpio_pin_write_logic^0,c
  1030  00FE92  6A27               	clrf	(??_gpio_pin_write_logic+1)^0,c
  1031                           
  1032                           ; Switch on 2 bytes has been partitioned into a top level switch of size 1, and 1 sub-sw
      +                          itches
  1033                           ; Switch size 1, requested type "simple"
  1034                           ; Number of cases is 1, Range of values is 0 to 0
  1035                           ; switch strategies available:
  1036                           ; Name         Instructions Cycles
  1037                           ; simple_byte            4     3 (average)
  1038                           ;	Chosen strategy is simple_byte
  1039  00FE94  5027               	movf	(??_gpio_pin_write_logic+1)^0,w,c
  1040  00FE96  0A00               	xorlw	0	; case 0
  1041  00FE98  B4D8               	btfsc	status,2,c
  1042  00FE9A  EF51  F07F         	goto	l1246
  1043  00FE9E  EFE4  F07E         	goto	l1110
  1044  00FEA2                     l1246:
  1045                           
  1046                           ; Switch size 1, requested type "simple"
  1047                           ; Number of cases is 2, Range of values is 0 to 1
  1048                           ; switch strategies available:
  1049                           ; Name         Instructions Cycles
  1050                           ; simple_byte            7     4 (average)
  1051                           ;	Chosen strategy is simple_byte
  1052  00FEA2  5026               	movf	??_gpio_pin_write_logic^0,w,c
  1053  00FEA4  0A00               	xorlw	0	; case 0
  1054  00FEA6  B4D8               	btfsc	status,2,c
  1055  00FEA8  EFE8  F07E         	goto	l1112
  1056  00FEAC  0A01               	xorlw	1	; case 1
  1057  00FEAE  B4D8               	btfsc	status,2,c
  1058  00FEB0  EF19  F07F         	goto	l1114
  1059  00FEB4  EFE4  F07E         	goto	l1110
  1060  00FEB8                     l1120:
  1061                           
  1062                           ;MCAL_Layer/GPIO/hal_gpio.c: 91:     return ret;
  1063  00FEB8  502C               	movf	gpio_pin_write_logic@ret^0,w,c
  1064  00FEBA  0012               	return		;funcret
  1065  00FEBC                     __end_of_gpio_pin_write_logic:
  1066                           	opt callstack 0
  1067                           
  1068 ;; *************** function _gpio_pin_direction_intialize *****************
  1069 ;; Defined at:
  1070 ;;		line 25 in file "MCAL_Layer/GPIO/hal_gpio.c"
  1071 ;; Parameters:    Size  Location     Type
  1072 ;;  _pin_config     2    0[COMRAM] PTR const struct .
  1073 ;;		 -> led_initialize@pin_obj(1), 
  1074 ;; Auto vars:     Size  Location     Type
  1075 ;;  ret             1    8[COMRAM] unsigned char 
  1076 ;; Return value:  Size  Location     Type
  1077 ;;                  1    wreg      unsigned char 
  1078 ;; Registers used:
  1079 ;;		wreg, fsr2l, fsr2h, status,2, status,0, prodl, prodh
  1080 ;; Tracked objects:
  1081 ;;		On entry : 0/0
  1082 ;;		On exit  : 0/0
  1083 ;;		Unchanged: 0/0
  1084 ;; Data sizes:     COMRAM   BANK0   BANK1   BANK2   BANK3   BANK4   BANK5   BANK6   BANK7   BANK8   BANK9  BANK10  BANK1
      +1  BANK12  BANK13  BANK14  BANK15
  1085 ;;      Params:         2       0       0       0       0       0       0       0       0       0       0       0       
      +0       0       0       0       0
  1086 ;;      Locals:         1       0       0       0       0       0       0       0       0       0       0       0       
      +0       0       0       0       0
  1087 ;;      Temps:          6       0       0       0       0       0       0       0       0       0       0       0       
      +0       0       0       0       0
  1088 ;;      Totals:         9       0       0       0       0       0       0       0       0       0       0       0       
      +0       0       0       0       0
  1089 ;;Total ram usage:        9 bytes
  1090 ;; Hardware stack levels used:    1
  1091 ;; This function calls:
  1092 ;;		Nothing
  1093 ;; This function is called by:
  1094 ;;		_gpio_pin_intialize
  1095 ;; This function uses a non-reentrant model
  1096 ;;
  1097                           
  1098                           	psect	text7
  1099  00FEBC                     __ptext7:
  1100                           	opt callstack 0
  1101  00FEBC                     _gpio_pin_direction_intialize:
  1102                           	opt callstack 27
  1103  00FEBC                     
  1104                           ;MCAL_Layer/GPIO/hal_gpio.c: 26:     Std_ReturnType ret = (Std_ReturnType)0x01;
  1105  00FEBC  0E01               	movlw	1
  1106  00FEBE  6E2B               	movwf	gpio_pin_direction_intialize@ret^0,c
  1107  00FEC0                     
  1108                           ;MCAL_Layer/GPIO/hal_gpio.c: 27:     if(((void*)0) == _pin_config || _pin_config->pin > 
      +                          8 -1){
  1109  00FEC0  5023               	movf	gpio_pin_direction_intialize@_pin_config^0,w,c
  1110  00FEC2  1024               	iorwf	(gpio_pin_direction_intialize@_pin_config+1)^0,w,c
  1111  00FEC4  B4D8               	btfsc	status,2,c
  1112  00FEC6  EF67  F07F         	goto	u431
  1113  00FECA  EF69  F07F         	goto	u430
  1114  00FECE                     u431:
  1115  00FECE  EF7A  F07F         	goto	l1134
  1116  00FED2                     u430:
  1117  00FED2  C023  FFD9         	movff	gpio_pin_direction_intialize@_pin_config,fsr2l
  1118  00FED6  C024  FFDA         	movff	gpio_pin_direction_intialize@_pin_config+1,fsr2h
  1119  00FEDA  30DF               	rrcf	indf2,w,c
  1120  00FEDC  32E8               	rrcf	wreg,f,c
  1121  00FEDE  32E8               	rrcf	wreg,f,c
  1122  00FEE0  0B07               	andlw	7
  1123  00FEE2  6E25               	movwf	??_gpio_pin_direction_intialize^0,c
  1124  00FEE4  0E07               	movlw	7
  1125  00FEE6  6425               	cpfsgt	??_gpio_pin_direction_intialize^0,c
  1126  00FEE8  EF78  F07F         	goto	u441
  1127  00FEEC  EF7A  F07F         	goto	u440
  1128  00FEF0                     u441:
  1129  00FEF0  EFDD  F07F         	goto	l1142
  1130  00FEF4                     u440:
  1131  00FEF4                     l1134:
  1132                           
  1133                           ;MCAL_Layer/GPIO/hal_gpio.c: 28:         ret = (Std_ReturnType)0x00;
  1134  00FEF4  0E00               	movlw	0
  1135  00FEF6  6E2B               	movwf	gpio_pin_direction_intialize@ret^0,c
  1136                           
  1137                           ;MCAL_Layer/GPIO/hal_gpio.c: 29:     }
  1138  00FEF8  EFFE  F07F         	goto	l1144
  1139  00FEFC                     l1136:
  1140                           
  1141                           ;MCAL_Layer/GPIO/hal_gpio.c: 33:                 (*tris_registers[_pin_config->port] &= 
      +                          ~((uint8)1 << _pin_config->pin));
  1142  00FEFC  C023  FFD9         	movff	gpio_pin_direction_intialize@_pin_config,fsr2l
  1143  00FF00  C024  FFDA         	movff	gpio_pin_direction_intialize@_pin_config+1,fsr2h
  1144  00FF04  30DF               	rrcf	indf2,w,c
  1145  00FF06  32E8               	rrcf	wreg,f,c
  1146  00FF08  32E8               	rrcf	wreg,f,c
  1147  00FF0A  0B07               	andlw	7
  1148  00FF0C  6E25               	movwf	??_gpio_pin_direction_intialize^0,c
  1149  00FF0E  0E01               	movlw	1
  1150  00FF10  6E26               	movwf	(??_gpio_pin_direction_intialize+1)^0,c
  1151  00FF12  2A25               	incf	??_gpio_pin_direction_intialize^0,f,c
  1152  00FF14  EF8E  F07F         	goto	u454
  1153  00FF18                     u455:
  1154  00FF18  90D8               	bcf	status,0,c
  1155  00FF1A  3626               	rlcf	(??_gpio_pin_direction_intialize+1)^0,f,c
  1156  00FF1C                     u454:
  1157  00FF1C  2E25               	decfsz	??_gpio_pin_direction_intialize^0,f,c
  1158  00FF1E  EF8C  F07F         	goto	u455
  1159  00FF22  5026               	movf	(??_gpio_pin_direction_intialize+1)^0,w,c
  1160  00FF24  0AFF               	xorlw	255
  1161  00FF26  6E27               	movwf	(??_gpio_pin_direction_intialize+2)^0,c
  1162  00FF28  C023  FFD9         	movff	gpio_pin_direction_intialize@_pin_config,fsr2l
  1163  00FF2C  C024  FFDA         	movff	gpio_pin_direction_intialize@_pin_config+1,fsr2h
  1164  00FF30  50DF               	movf	indf2,w,c
  1165  00FF32  0B07               	andlw	7
  1166  00FF34  6E28               	movwf	(??_gpio_pin_direction_intialize+3)^0,c
  1167  00FF36  5028               	movf	(??_gpio_pin_direction_intialize+3)^0,w,c
  1168  00FF38  0D02               	mullw	2
  1169  00FF3A  0E15               	movlw	low _tris_registers
  1170  00FF3C  24F3               	addwf	243,w,c
  1171  00FF3E  6ED9               	movwf	fsr2l,c
  1172  00FF40  0E00               	movlw	high _tris_registers
  1173  00FF42  20F4               	addwfc	prodh,w,c
  1174  00FF44  6EDA               	movwf	fsr2h,c
  1175  00FF46  CFDE F029          	movff	postinc2,??_gpio_pin_direction_intialize+4
  1176  00FF4A  CFDD F02A          	movff	postdec2,??_gpio_pin_direction_intialize+5
  1177  00FF4E  C029  FFD9         	movff	??_gpio_pin_direction_intialize+4,fsr2l
  1178  00FF52  C02A  FFDA         	movff	??_gpio_pin_direction_intialize+5,fsr2h
  1179  00FF56  5027               	movf	(??_gpio_pin_direction_intialize+2)^0,w,c
  1180  00FF58  16DF               	andwf	indf2,f,c
  1181                           
  1182                           ;MCAL_Layer/GPIO/hal_gpio.c: 34:                 break;
  1183  00FF5A  EFFE  F07F         	goto	l1144
  1184  00FF5E                     l1138:
  1185                           
  1186                           ;MCAL_Layer/GPIO/hal_gpio.c: 36:                 (*tris_registers[_pin_config->port] |= 
      +                          ((uint8)1 << _pin_config->pin));
  1187  00FF5E  C023  FFD9         	movff	gpio_pin_direction_intialize@_pin_config,fsr2l
  1188  00FF62  C024  FFDA         	movff	gpio_pin_direction_intialize@_pin_config+1,fsr2h
  1189  00FF66  30DF               	rrcf	indf2,w,c
  1190  00FF68  32E8               	rrcf	wreg,f,c
  1191  00FF6A  32E8               	rrcf	wreg,f,c
  1192  00FF6C  0B07               	andlw	7
  1193  00FF6E  6E25               	movwf	??_gpio_pin_direction_intialize^0,c
  1194  00FF70  0E01               	movlw	1
  1195  00FF72  6E26               	movwf	(??_gpio_pin_direction_intialize+1)^0,c
  1196  00FF74  2A25               	incf	??_gpio_pin_direction_intialize^0,f,c
  1197  00FF76  EFBF  F07F         	goto	u464
  1198  00FF7A                     u465:
  1199  00FF7A  90D8               	bcf	status,0,c
  1200  00FF7C  3626               	rlcf	(??_gpio_pin_direction_intialize+1)^0,f,c
  1201  00FF7E                     u464:
  1202  00FF7E  2E25               	decfsz	??_gpio_pin_direction_intialize^0,f,c
  1203  00FF80  EFBD  F07F         	goto	u465
  1204  00FF84  C023  FFD9         	movff	gpio_pin_direction_intialize@_pin_config,fsr2l
  1205  00FF88  C024  FFDA         	movff	gpio_pin_direction_intialize@_pin_config+1,fsr2h
  1206  00FF8C  50DF               	movf	indf2,w,c
  1207  00FF8E  0B07               	andlw	7
  1208  00FF90  6E27               	movwf	(??_gpio_pin_direction_intialize+2)^0,c
  1209  00FF92  5027               	movf	(??_gpio_pin_direction_intialize+2)^0,w,c
  1210  00FF94  0D02               	mullw	2
  1211  00FF96  0E15               	movlw	low _tris_registers
  1212  00FF98  24F3               	addwf	243,w,c
  1213  00FF9A  6ED9               	movwf	fsr2l,c
  1214  00FF9C  0E00               	movlw	high _tris_registers
  1215  00FF9E  20F4               	addwfc	prodh,w,c
  1216  00FFA0  6EDA               	movwf	fsr2h,c
  1217  00FFA2  CFDE F028          	movff	postinc2,??_gpio_pin_direction_intialize+3
  1218  00FFA6  CFDD F029          	movff	postdec2,??_gpio_pin_direction_intialize+4
  1219  00FFAA  C028  FFD9         	movff	??_gpio_pin_direction_intialize+3,fsr2l
  1220  00FFAE  C029  FFDA         	movff	??_gpio_pin_direction_intialize+4,fsr2h
  1221  00FFB2  5026               	movf	(??_gpio_pin_direction_intialize+1)^0,w,c
  1222  00FFB4  12DF               	iorwf	indf2,f,c
  1223                           
  1224                           ;MCAL_Layer/GPIO/hal_gpio.c: 37:                 break;
  1225  00FFB6  EFFE  F07F         	goto	l1144
  1226  00FFBA                     l1142:
  1227  00FFBA  C023  FFD9         	movff	gpio_pin_direction_intialize@_pin_config,fsr2l
  1228  00FFBE  C024  FFDA         	movff	gpio_pin_direction_intialize@_pin_config+1,fsr2h
  1229  00FFC2  BCDF               	btfsc	indf2,6,c
  1230  00FFC4  EFE6  F07F         	goto	u471
  1231  00FFC8  EFE9  F07F         	goto	u470
  1232  00FFCC                     u471:
  1233  00FFCC  0E01               	movlw	1
  1234  00FFCE  EFEA  F07F         	goto	u480
  1235  00FFD2                     u470:
  1236  00FFD2  0E00               	movlw	0
  1237  00FFD4                     u480:
  1238  00FFD4  6E25               	movwf	??_gpio_pin_direction_intialize^0,c
  1239  00FFD6  6A26               	clrf	(??_gpio_pin_direction_intialize+1)^0,c
  1240                           
  1241                           ; Switch on 2 bytes has been partitioned into a top level switch of size 1, and 1 sub-sw
      +                          itches
  1242                           ; Switch size 1, requested type "simple"
  1243                           ; Number of cases is 1, Range of values is 0 to 0
  1244                           ; switch strategies available:
  1245                           ; Name         Instructions Cycles
  1246                           ; simple_byte            4     3 (average)
  1247                           ;	Chosen strategy is simple_byte
  1248  00FFD8  5026               	movf	(??_gpio_pin_direction_intialize+1)^0,w,c
  1249  00FFDA  0A00               	xorlw	0	; case 0
  1250  00FFDC  B4D8               	btfsc	status,2,c
  1251  00FFDE  EFF3  F07F         	goto	l1248
  1252  00FFE2  EF7A  F07F         	goto	l1134
  1253  00FFE6                     l1248:
  1254                           
  1255                           ; Switch size 1, requested type "simple"
  1256                           ; Number of cases is 2, Range of values is 0 to 1
  1257                           ; switch strategies available:
  1258                           ; Name         Instructions Cycles
  1259                           ; simple_byte            7     4 (average)
  1260                           ;	Chosen strategy is simple_byte
  1261  00FFE6  5025               	movf	??_gpio_pin_direction_intialize^0,w,c
  1262  00FFE8  0A00               	xorlw	0	; case 0
  1263  00FFEA  B4D8               	btfsc	status,2,c
  1264  00FFEC  EF7E  F07F         	goto	l1136
  1265  00FFF0  0A01               	xorlw	1	; case 1
  1266  00FFF2  B4D8               	btfsc	status,2,c
  1267  00FFF4  EFAF  F07F         	goto	l1138
  1268  00FFF8  EF7A  F07F         	goto	l1134
  1269  00FFFC                     l1144:
  1270                           
  1271                           ;MCAL_Layer/GPIO/hal_gpio.c: 41:     return ret;
  1272  00FFFC  502B               	movf	gpio_pin_direction_intialize@ret^0,w,c
  1273  00FFFE  0012               	return		;funcret
  1274  010000                     __end_of_gpio_pin_direction_intialize:
  1275                           	opt callstack 0
  1276  0000                     
  1277                           	psect	rparam
  1278  0000                     tosu	equ	0xFFF
  1279                           tosh	equ	0xFFE
  1280                           tosl	equ	0xFFD
  1281                           stkptr	equ	0xFFC
  1282                           pclatu	equ	0xFFB
  1283                           pclath	equ	0xFFA
  1284                           pcl	equ	0xFF9
  1285                           tblptru	equ	0xFF8
  1286                           tblptrh	equ	0xFF7
  1287                           tblptrl	equ	0xFF6
  1288                           tablat	equ	0xFF5
  1289                           prodh	equ	0xFF4
  1290                           prodl	equ	0xFF3
  1291                           indf0	equ	0xFEF
  1292                           postinc0	equ	0xFEE
  1293                           postdec0	equ	0xFED
  1294                           preinc0	equ	0xFEC
  1295                           plusw0	equ	0xFEB
  1296                           fsr0h	equ	0xFEA
  1297                           fsr0l	equ	0xFE9
  1298                           wreg	equ	0xFE8
  1299                           indf1	equ	0xFE7
  1300                           postinc1	equ	0xFE6
  1301                           postdec1	equ	0xFE5
  1302                           preinc1	equ	0xFE4
  1303                           plusw1	equ	0xFE3
  1304                           fsr1h	equ	0xFE2
  1305                           fsr1l	equ	0xFE1
  1306                           bsr	equ	0xFE0
  1307                           indf2	equ	0xFDF
  1308                           postinc2	equ	0xFDE
  1309                           postdec2	equ	0xFDD
  1310                           preinc2	equ	0xFDC
  1311                           plusw2	equ	0xFDB
  1312                           fsr2h	equ	0xFDA
  1313                           fsr2l	equ	0xFD9
  1314                           status	equ	0xFD8


Data Sizes:
    Strings     0
    Constant    0
    Data        34
    BSS         4
    Persistent  0
    Stack       0

Auto Spaces:
    Space          Size  Autos    Used
    COMRAM          127     22      60
    BANK0           128      0       0
    BANK1           256      0       0
    BANK2           256      0       0
    BANK3           256      0       0
    BANK4           256      0       0
    BANK5           256      0       0
    BANK6           256      0       0
    BANK7           256      0       0
    BANK8           256      0       0
    BANK9           256      0       0
    BANK10          256      0       0
    BANK11          256      0       0
    BANK12          256      0       0
    BANK13          256      0       0
    BANK14          256      0       0
    BANK15          128      0       0

Pointer List with Targets:

    gpio_pin_intialize@_pin_config	PTR const struct . size(2) Largest target is 1
		 -> led_initialize@pin_obj(COMRAM[1]), 

    gpio_pin_write_logic@_pin_config	PTR const struct . size(2) Largest target is 1
		 -> led_turn_off@pin_obj(COMRAM[1]), led_turn_on@pin_obj(COMRAM[1]), led_initialize@pin_obj(COMRAM[1]), 

    gpio_pin_direction_intialize@_pin_config	PTR const struct . size(2) Largest target is 1
		 -> led_initialize@pin_obj(COMRAM[1]), 

    port_registers	PTR volatile unsigned char [5] size(2) Largest target is 1
		 -> PORTE(SFR[1]), PORTD(SFR[1]), PORTC(SFR[1]), PORTB(SFR[1]), 
		 -> PORTA(SFR[1]), 

    lat_registers	PTR volatile unsigned char [5] size(2) Largest target is 1
		 -> LATE(SFR[1]), LATD(SFR[1]), LATC(SFR[1]), LATB(SFR[1]), 
		 -> LATA(SFR[1]), 

    tris_registers	PTR volatile unsigned char [5] size(2) Largest target is 1
		 -> TRISE(SFR[1]), TRISD(SFR[1]), TRISC(SFR[1]), TRISB(SFR[1]), 
		 -> TRISA(SFR[1]), 

    led_turn_off@led	PTR const struct . size(2) Largest target is 1
		 -> led4(COMRAM[1]), led3(COMRAM[1]), led2(COMRAM[1]), led1(COMRAM[1]), 

    led_turn_on@led	PTR const struct . size(2) Largest target is 1
		 -> led4(COMRAM[1]), led3(COMRAM[1]), led2(COMRAM[1]), led1(COMRAM[1]), 

    led_initialize@led	PTR const struct . size(2) Largest target is 1
		 -> led4(COMRAM[1]), led3(COMRAM[1]), led2(COMRAM[1]), led1(COMRAM[1]), 


Critical Paths under _main in COMRAM

    _main->_application_intialize
    _led_turn_on->_gpio_pin_write_logic
    _led_turn_off->_gpio_pin_write_logic
    _application_intialize->_led_initialize
    _led_initialize->_gpio_pin_intialize
    _gpio_pin_intialize->_gpio_pin_write_logic

Critical Paths under _main in BANK0

    None.

Critical Paths under _main in BANK1

    None.

Critical Paths under _main in BANK2

    None.

Critical Paths under _main in BANK3

    None.

Critical Paths under _main in BANK4

    None.

Critical Paths under _main in BANK5

    None.

Critical Paths under _main in BANK6

    None.

Critical Paths under _main in BANK7

    None.

Critical Paths under _main in BANK8

    None.

Critical Paths under _main in BANK9

    None.

Critical Paths under _main in BANK10

    None.

Critical Paths under _main in BANK11

    None.

Critical Paths under _main in BANK12

    None.

Critical Paths under _main in BANK13

    None.

Critical Paths under _main in BANK14

    None.

Critical Paths under _main in BANK15

    None.

Call Graph Tables:

 ---------------------------------------------------------------------------------
 (Depth) Function   	        Calls       Base Space   Used Autos Params    Refs
 ---------------------------------------------------------------------------------
 (0) _main                                                 2     2      0    3681
                                             20 COMRAM     2     2      0
              _application_intialize
                       _led_turn_off
                        _led_turn_on
 ---------------------------------------------------------------------------------
 (1) _led_turn_on                                          5     3      2    1067
                                             10 COMRAM     5     3      2
               _gpio_pin_write_logic
 ---------------------------------------------------------------------------------
 (1) _led_turn_off                                         5     3      2    1067
                                             10 COMRAM     5     3      2
               _gpio_pin_write_logic
 ---------------------------------------------------------------------------------
 (1) _application_intialize                                1     1      0    1547
                                             19 COMRAM     1     1      0
                     _led_initialize
 ---------------------------------------------------------------------------------
 (2) _led_initialize                                       5     3      2    1542
                                             14 COMRAM     5     3      2
                 _gpio_pin_intialize
 ---------------------------------------------------------------------------------
 (3) _gpio_pin_intialize                                   4     2      2    1086
                                             10 COMRAM     4     2      2
       _gpio_pin_direction_intialize
               _gpio_pin_write_logic
 ---------------------------------------------------------------------------------
 (2) _gpio_pin_write_logic                                10     7      3     635
                                              0 COMRAM    10     7      3
 ---------------------------------------------------------------------------------
 (4) _gpio_pin_direction_intialize                         9     7      2     255
                                              0 COMRAM     9     7      2
 ---------------------------------------------------------------------------------
 Estimated maximum stack depth 4
 ---------------------------------------------------------------------------------

 Call Graph Graphs:

 _main (ROOT)
   _application_intialize
     _led_initialize
       _gpio_pin_intialize
         _gpio_pin_direction_intialize
         _gpio_pin_write_logic
   _led_turn_off
     _gpio_pin_write_logic
   _led_turn_on
     _gpio_pin_write_logic

 Address spaces:
Name               Size   Autos  Total    Cost      Usage
BIGRAM             F7F      0       0      37        0.0%
EEDATA             400      0       0       0        0.0%
BITBANK14          100      0       0      32        0.0%
BANK14             100      0       0      33        0.0%
BITBANK13          100      0       0      30        0.0%
BANK13             100      0       0      31        0.0%
BITBANK12          100      0       0      28        0.0%
BANK12             100      0       0      29        0.0%
BITBANK11          100      0       0      26        0.0%
BANK11             100      0       0      27        0.0%
BITBANK10          100      0       0      24        0.0%
BANK10             100      0       0      25        0.0%
BITBANK9           100      0       0      22        0.0%
BANK9              100      0       0      23        0.0%
BITBANK8           100      0       0      20        0.0%
BANK8              100      0       0      21        0.0%
BITBANK7           100      0       0      18        0.0%
BANK7              100      0       0      19        0.0%
BITBANK6           100      0       0      16        0.0%
BANK6              100      0       0      17        0.0%
BITBANK5           100      0       0      14        0.0%
BANK5              100      0       0      15        0.0%
BITBANK4           100      0       0      12        0.0%
BANK4              100      0       0      13        0.0%
BITBANK3           100      0       0      10        0.0%
BANK3              100      0       0      11        0.0%
BITBANK2           100      0       0       8        0.0%
BANK2              100      0       0       9        0.0%
BITBANK1           100      0       0       6        0.0%
BANK1              100      0       0       7        0.0%
BITBANK15           80      0       0      35        0.0%
BANK15              80      0       0      36        0.0%
BITBANK0            80      0       0       4        0.0%
BANK0               80      0       0       5        0.0%
BITCOMRAM           7F      0       0       0        0.0%
COMRAM              7F     16      3C       1       47.2%
BITSFR               0      0       0     200        0.0%
SFR                  0      0       0     200        0.0%
STACK                0      0       0       2        0.0%
NULL                 0      0       0       0        0.0%
ABS                  0      0      3C      34        0.0%
DATA                 0      0      3C       3        0.0%
CODE                 0      0       0       0        0.0%


Microchip Technology PIC18 Macro Assembler V2.10 build 88905656 
Symbol Table                                                                                   Thu Dec 24 00:31:02 2020

                                      l9 FC9A                                       l20 FC7A  
                                     l13 FCF6                                       l23 FBA6  
                                     l16 FC1C                                       l27 FC04  
                                     l82 FFFE                              __CFG_BORV$3 000000  
                           __CFG_CP0$OFF 000000                             __CFG_CP1$OFF 000000  
                           __CFG_CP2$OFF 000000                             __CFG_CP3$OFF 000000  
                            __CFG_OSC$HS 000000                                      l101 FEBA  
                                    l122 FB8E                                      l170 FCFC  
                                    l176 FAF6                             __CFG_CPB$OFF 000000  
                                    u400 FDC8                                      u401 FDC4  
                                    u500 FB5E                                      u501 FB5A  
                                    u430 FED2                                      u414 FDF0  
                                    u510 FC92                                      u431 FECE  
                                    u415 FDEC                                      u511 FC8E  
                                    u440 FEF4                                      u424 FE52  
                                    u441 FEF0                                      u425 FE4E  
                                    u530 FC18                             __CFG_CPD$OFF 000000  
                                    u531 FC14                                      u525 FCE6  
                                    u470 FFD2                                      u454 FF1C  
                                    u390 FDA6                                      u550 FBA2  
                                    u471 FFCC                                      u455 FF18  
                                    u391 FDA2                                      u527 FCE8  
                                    u551 FB9E                                      u480 FFD4  
                                    u464 FF7E                                      u465 FF7A  
                                    u545 FC68                                      u490 FB3C  
                                    u491 FB38                                      u547 FC6A  
                                    u565 FBF2                                      u567 FBF4  
                                    u577 FD36                                      u587 FD7C  
                                    prod 000FF3                      led_initialize@F2837 003C  
                                    wreg 000FE8                             ?_led_turn_on 002D  
                           __CFG_LVP$OFF 000000                             __CFG_WDT$OFF 000000  
                                   l1110 FDC8                                     l1112 FDD0  
                                   l1120 FEB8                                     l1104 FD90  
                                   l1200 FB90                                     l1130 FEC0  
                                   l1114 FE32                                     l1106 FD94  
                                   l1210 FBF4                                     l1202 FBA2  
                                   l1132 FED2                                     l1108 FDA6  
                                   l1220 FADE                                     l1204 FBAA  
                                   l1142 FFBA                                     l1134 FEF4  
                                   l1118 FE8E                                     l1222 FAEA  
                                   l1214 FAC6                                     l1206 FBE0  
                                   l1230 FD4E                                     l1136 FEFC  
                                   l1144 FFFC                                     l1128 FEBC  
                                   l1160 FB62                                     l1152 FB2A  
                                   l1216 FAC6                                     l1208 FBE2  
                                   l1232 FD5A                                     l1224 FCF8  
                                   l1138 FF5E                                     l1154 FB2A  
                                   l1170 FC9E                                     l1218 FAD2  
                                   l1234 FD66                                     l1226 FD2C  
                                   l1156 FB3C                                     l1172 FCD4  
                                   l1164 FC7C                                     l1236 FD72  
                                   l1228 FD42                                     l1246 FEA2  
                                   l1158 FB5E                                     l1174 FCD6  
                                   l1166 FC80                                     l1190 FC56  
                                   l1182 FC06                                     l1248 FFE6  
                                   l1176 FCE8                                     l1168 FC92  
                                   l1192 FC58                                     l1184 FC06  
                                   l1178 FCF4                                     l1194 FC6A  
                                   l1186 FC18                                     l1188 FC20  
                                   l1198 FB90                                     _LATA 000F89  
                                   _LATB 000F8A                                     _LATC 000F8B  
                                   _LATD 000F8C                                     _LATE 000F8D  
                ??_application_intialize 0036                                     _led1 0022  
                                   _led2 0021                                     _led3 0020  
                                   _led4 001F                                     _main FCF8  
                                   fsr2h 000FDA                                     indf2 000FDF  
                                   fsr1l 000FE1                                     fsr2l 000FD9  
                 __end_of_led_initialize FCF8                                     prodl 000FF3  
                                   start 0000                            __CFG_IESO$OFF 000000  
                          ?_led_turn_off 002D                            __CFG_MCLRE$ON 000000  
                           ___param_bank 000000                     _gpio_pin_write_logic FD90  
                                  ?_main 0023              __size_of_gpio_pin_intialize 0066  
                                  _PORTA 000F80                                    _PORTB 000F81  
                                  _PORTC 000F82                                    _PORTD 000F83  
                                  _PORTE 000F84                                    _TRISA 000F92  
                                  _TRISB 000F93                                    _TRISC 000F94  
                                  _TRISD 000F95                                    _TRISE 000F96  
                          __CFG_PWRT$OFF 000000                            __CFG_WRT0$OFF 000000  
                          __CFG_WRT1$OFF 000000                            __CFG_WRT2$OFF 000000  
                          __CFG_WRT3$OFF 000000                           __CFG_EBTR0$OFF 000000  
                         __CFG_FCMEN$OFF 000000                           __CFG_EBTR1$OFF 000000  
                         __CFG_EBTR2$OFF 000000                           __CFG_EBTR3$OFF 000000  
                          __CFG_WRTB$OFF 000000                            __CFG_WRTC$OFF 000000  
                          __CFG_WRTD$OFF 000000                           __CFG_EBTRB$OFF 000000  
                                  tablat 000FF5                                    status 000FD8  
                        ?_led_initialize 0031                           ??_led_turn_off 002F  
                        __initialization FAF8                             __end_of_main FD90  
                  ?_gpio_pin_write_logic 0023                            _lat_registers 000B  
                                 ??_main 0037                            __activetblptr 000002  
                       led_turn_on@F2842 003B                           __CFG_XINST$OFF 000000  
                         __CFG_STVREN$ON 000000                    led_initialize@pin_obj 0035  
gpio_pin_direction_intialize@_pin_config 0023                             __pdataCOMRAM 0001  
                                 tblptrh 000FF7                                   tblptrl 000FF6  
                                 tblptru 000FF8                     __size_of_led_turn_on 0076  
                             __accesstop 0080                  __end_of__initialization FB20  
                        __CFG_PBADEN$OFF 000000                            ___rparam_used 000001  
                      led_initialize@led 0031                        led_initialize@ret 0034  
                 ??_gpio_pin_write_logic 0026                           __pcstackCOMRAM 0023  
                   __end_of_led_turn_off FC06           __size_of_application_intialize 0032  
          __end_of_application_intialize FAF8                        led_turn_off@F2847 003A  
                   led_turn_toggle@F2852 0039                         ??_led_initialize 0033  
                         _tris_registers 0015                                  __Hparam 0000  
                                __Lparam 0000               __end_of_gpio_pin_intialize FB90  
                                __pcinit FAF8                                  __ramtop 1000  
                                __ptext0 FCF8                                  __ptext1 FC06  
                                __ptext2 FB90                                  __ptext3 FAC6  
                                __ptext4 FC7C                                  __ptext5 FB2A  
                                __ptext6 FD90                                  __ptext7 FEBC  
                   end_of_initialization FB20                            __Lmediumconst 0000  
                  gpio_pin_intialize@ret 0030                      led_turn_off@pin_obj 0031  
                                postdec1 000FE5                                  postdec2 000FDD  
                                postinc0 000FEE                                  postinc2 000FDE  
                  __size_of_led_turn_off 0076            gpio_pin_intialize@_pin_config 002D  
   __end_of_gpio_pin_direction_intialize 0000    __size_of_gpio_pin_direction_intialize 0144  
           _gpio_pin_direction_intialize FEBC                             _led_turn_off FB90  
                          __pidataCOMRAM FAA4                      start_initialization FAF8  
                          ??_led_turn_on 002F            ?_gpio_pin_direction_intialize 0023  
                        led_turn_off@led 002D            __size_of_gpio_pin_write_logic 012C  
                       __CFG_LPT1OSC$OFF 000000                              __pbssCOMRAM 0039  
                    __end_of_led_turn_on FC7C          gpio_pin_direction_intialize@ret 002B  
                  _application_intialize FAC6                        __CFG_CCP2MX$PORTC 000000  
        gpio_pin_write_logic@_pin_config 0023                gpio_pin_write_logic@logic 0025  
                     _gpio_pin_intialize FB2A           ??_gpio_pin_direction_intialize 0025  
                    ?_gpio_pin_intialize 002D                       led_turn_on@pin_obj 0031  
                       __CFG_WDTPS$32768 000000                     ??_gpio_pin_intialize 002F  
                            _led_turn_on FC06                  gpio_pin_write_logic@ret 002C  
                              copy_data0 FB0C                   ?_application_intialize 0023  
                         led_turn_on@led 002D                                 __Hrparam 0000  
                __size_of_led_initialize 007C                                 __Lrparam 0000  
                     __CFG_BOREN$SBORDIS 000000                            __size_of_main 0098  
           __end_of_gpio_pin_write_logic FEBC                           _port_registers 0001  
                         _led_initialize FC7C  
